# Logfile created on 2015-01-23 16:07:12 +0000 by logger.rb/44203
I, [2015-01-23T16:07:12.887637 #24960]  INFO -- : 0:  blankslate (2.1.2.4) from /Users/michaelhayes/.rvm/rubies/ruby-2.1.0/lib/ruby/gems/2.1.0/specifications/blankslate-2.1.2.4.gemspec
I, [2015-01-23T16:07:14.655743 #24960]  INFO -- : 0:  sass (3.4.5) from /Users/michaelhayes/.rvm/rubies/ruby-2.1.0/lib/ruby/gems/2.1.0/specifications/sass-3.4.5.gemspec
I, [2015-01-23T16:07:14.656137 #24960]  INFO -- : 0:  thor (0.19.1) from /Users/michaelhayes/.rvm/rubies/ruby-2.1.0/lib/ruby/gems/2.1.0/specifications/thor-0.19.1.gemspec
I, [2015-01-23T16:07:15.957434 #24960]  INFO -- : 0:  bourbon (4.0.2) from /Users/michaelhayes/.rvm/rubies/ruby-2.1.0/lib/ruby/gems/2.1.0/specifications/bourbon-4.0.2.gemspec
I, [2015-01-23T16:07:17.861143 #24960]  INFO -- : 0:  hitimes (1.2.2) from /Users/michaelhayes/.rvm/rubies/ruby-2.1.0/lib/ruby/gems/2.1.0/specifications/hitimes-1.2.2.gemspec
I, [2015-01-23T16:07:19.007859 #24960]  INFO -- : 0:  timers (4.0.1) from /Users/michaelhayes/.rvm/rubies/ruby-2.1.0/lib/ruby/gems/2.1.0/specifications/timers-4.0.1.gemspec
I, [2015-01-23T16:07:20.316186 #24960]  INFO -- : 0:  celluloid (0.16.0) from /Users/michaelhayes/.rvm/rubies/ruby-2.1.0/lib/ruby/gems/2.1.0/specifications/celluloid-0.16.0.gemspec
I, [2015-01-23T16:07:20.316625 #24960]  INFO -- : 0:  fast-stemmer (1.0.2) from /Users/michaelhayes/.rvm/rubies/ruby-2.1.0/lib/ruby/gems/2.1.0/specifications/fast-stemmer-1.0.2.gemspec
I, [2015-01-23T16:07:20.316993 #24960]  INFO -- : 0:  classifier-reborn (2.0.1) from /Users/michaelhayes/.rvm/rubies/ruby-2.1.0/lib/ruby/gems/2.1.0/specifications/classifier-reborn-2.0.1.gemspec
I, [2015-01-23T16:07:20.317358 #24960]  INFO -- : 0:  coffee-script-source (1.8.0) from /Users/michaelhayes/.rvm/rubies/ruby-2.1.0/lib/ruby/gems/2.1.0/specifications/coffee-script-source-1.8.0.gemspec
I, [2015-01-23T16:07:20.317714 #24960]  INFO -- : 0:  execjs (2.2.1) from /Users/michaelhayes/.rvm/rubies/ruby-2.1.0/lib/ruby/gems/2.1.0/specifications/execjs-2.2.1.gemspec
I, [2015-01-23T16:07:20.318077 #24960]  INFO -- : 0:  coffee-script (2.3.0) from /Users/michaelhayes/.rvm/rubies/ruby-2.1.0/lib/ruby/gems/2.1.0/specifications/coffee-script-2.3.0.gemspec
I, [2015-01-23T16:07:20.318421 #24960]  INFO -- : 0:  colorator (0.1) from /Users/michaelhayes/.rvm/rubies/ruby-2.1.0/lib/ruby/gems/2.1.0/specifications/colorator-0.1.gemspec
I, [2015-01-23T16:07:26.134916 #24960]  INFO -- : 0:  ffi (1.9.5) from /Users/michaelhayes/.rvm/rubies/ruby-2.1.0/lib/ruby/gems/2.1.0/specifications/ffi-1.9.5.gemspec
I, [2015-01-23T16:07:27.276475 #24960]  INFO -- : 0:  jekyll-coffeescript (1.0.0) from /Users/michaelhayes/.rvm/rubies/ruby-2.1.0/lib/ruby/gems/2.1.0/specifications/jekyll-coffeescript-1.0.0.gemspec
I, [2015-01-23T16:07:27.276987 #24960]  INFO -- : 0:  jekyll-gist (1.1.0) from /Users/michaelhayes/.rvm/rubies/ruby-2.1.0/lib/ruby/gems/2.1.0/specifications/jekyll-gist-1.1.0.gemspec
I, [2015-01-23T16:07:27.277292 #24960]  INFO -- : 0:  jekyll-paginate (1.0.0) from /Users/michaelhayes/.rvm/rubies/ruby-2.1.0/lib/ruby/gems/2.1.0/specifications/jekyll-paginate-1.0.0.gemspec
I, [2015-01-23T16:07:28.422455 #24960]  INFO -- : 0:  jekyll-sass-converter (1.2.0) from /Users/michaelhayes/.rvm/rubies/ruby-2.1.0/lib/ruby/gems/2.1.0/specifications/jekyll-sass-converter-1.2.0.gemspec
I, [2015-01-23T16:07:28.422814 #24960]  INFO -- : 0:  rb-fsevent (0.9.4) from /Users/michaelhayes/.rvm/rubies/ruby-2.1.0/lib/ruby/gems/2.1.0/specifications/rb-fsevent-0.9.4.gemspec
I, [2015-01-23T16:07:28.423113 #24960]  INFO -- : 0:  rb-inotify (0.9.5) from /Users/michaelhayes/.rvm/rubies/ruby-2.1.0/lib/ruby/gems/2.1.0/specifications/rb-inotify-0.9.5.gemspec
I, [2015-01-23T16:07:29.729484 #24960]  INFO -- : 0:  listen (2.7.11) from /Users/michaelhayes/.rvm/rubies/ruby-2.1.0/lib/ruby/gems/2.1.0/specifications/listen-2.7.11.gemspec
I, [2015-01-23T16:07:29.729874 #24960]  INFO -- : 0:  jekyll-watch (1.1.1) from /Users/michaelhayes/.rvm/rubies/ruby-2.1.0/lib/ruby/gems/2.1.0/specifications/jekyll-watch-1.1.1.gemspec
I, [2015-01-23T16:07:31.339136 #24960]  INFO -- : 0:  kramdown (1.3.1) from /Users/michaelhayes/.rvm/rubies/ruby-2.1.0/lib/ruby/gems/2.1.0/specifications/kramdown-1.3.1.gemspec
I, [2015-01-23T16:07:31.339588 #24960]  INFO -- : 0:  liquid (2.6.1) from /Users/michaelhayes/.rvm/rubies/ruby-2.1.0/lib/ruby/gems/2.1.0/specifications/liquid-2.6.1.gemspec
I, [2015-01-23T16:07:31.339941 #24960]  INFO -- : 0:  mercenary (0.3.4) from /Users/michaelhayes/.rvm/rubies/ruby-2.1.0/lib/ruby/gems/2.1.0/specifications/mercenary-0.3.4.gemspec
I, [2015-01-23T16:07:31.340302 #24960]  INFO -- : 0:  posix-spawn (0.3.9) from /Users/michaelhayes/.rvm/rubies/ruby-2.1.0/lib/ruby/gems/2.1.0/specifications/posix-spawn-0.3.9.gemspec
I, [2015-01-23T16:07:31.340640 #24960]  INFO -- : 0:  yajl-ruby (1.1.0) from /Users/michaelhayes/.rvm/rubies/ruby-2.1.0/lib/ruby/gems/2.1.0/specifications/yajl-ruby-1.1.0.gemspec
I, [2015-01-23T16:07:31.340957 #24960]  INFO -- : 0:  pygments.rb (0.6.0) from /Users/michaelhayes/.rvm/rubies/ruby-2.1.0/lib/ruby/gems/2.1.0/specifications/pygments.rb-0.6.0.gemspec
I, [2015-01-23T16:07:31.341287 #24960]  INFO -- : 0:  redcarpet (3.1.2) from /Users/michaelhayes/.rvm/rubies/ruby-2.1.0/lib/ruby/gems/2.1.0/specifications/redcarpet-3.1.2.gemspec
I, [2015-01-23T16:07:31.341614 #24960]  INFO -- : 0:  safe_yaml (1.0.4) from /Users/michaelhayes/.rvm/rubies/ruby-2.1.0/lib/ruby/gems/2.1.0/specifications/safe_yaml-1.0.4.gemspec
I, [2015-01-23T16:07:31.341941 #24960]  INFO -- : 0:  parslet (1.5.0) from /Users/michaelhayes/.rvm/rubies/ruby-2.1.0/lib/ruby/gems/2.1.0/specifications/parslet-1.5.0.gemspec
I, [2015-01-23T16:07:31.342264 #24960]  INFO -- : 0:  toml (0.1.1) from /Users/michaelhayes/.rvm/rubies/ruby-2.1.0/lib/ruby/gems/2.1.0/specifications/toml-0.1.1.gemspec
I, [2015-01-23T16:07:31.342592 #24960]  INFO -- : 0:  jekyll (2.4.0) from /Users/michaelhayes/.rvm/rubies/ruby-2.1.0/lib/ruby/gems/2.1.0/specifications/jekyll-2.4.0.gemspec
I, [2015-01-23T16:07:32.566614 #24960]  INFO -- : 0:  jekyll-sitemap (0.7.0) from /Users/michaelhayes/.rvm/rubies/ruby-2.1.0/lib/ruby/gems/2.1.0/specifications/jekyll-sitemap-0.7.0.gemspec
I, [2015-01-23T16:07:33.735045 #24960]  INFO -- : 0:  neat (1.6.0) from /Users/michaelhayes/.rvm/rubies/ruby-2.1.0/lib/ruby/gems/2.1.0/specifications/neat-1.6.0.gemspec
I, [2015-01-23T16:07:33.735507 #24960]  INFO -- : 0:  bundler (1.5.1) from /Users/michaelhayes/.rvm/rubies/ruby-2.1.0/lib/ruby/gems/2.1.0/specifications/bundler-1.5.1.gemspec
